ARM GAS  D:\cygwin64\tmp\cccDOskf.s 			page 1


   1              		.cpu cortex-m4
   2              		.eabi_attribute 27, 1
   3              		.eabi_attribute 28, 1
   4              		.eabi_attribute 20, 1
   5              		.eabi_attribute 21, 1
   6              		.eabi_attribute 23, 3
   7              		.eabi_attribute 24, 1
   8              		.eabi_attribute 25, 1
   9              		.eabi_attribute 26, 1
  10              		.eabi_attribute 30, 1
  11              		.eabi_attribute 34, 1
  12              		.eabi_attribute 18, 4
  13              		.file	"stm32f4xx_hal_msp.c"
  14              		.text
  15              	.Ltext0:
  16              		.cfi_sections	.debug_frame
  17              		.section	.text.HAL_MspInit,"ax",%progbits
  18              		.align	1
  19              		.global	HAL_MspInit
  20              		.syntax unified
  21              		.thumb
  22              		.thumb_func
  23              		.fpu fpv4-sp-d16
  25              	HAL_MspInit:
  26              	.LFB130:
  27              		.file 1 "Core/Src/stm32f4xx_hal_msp.c"
   1:Core/Src/stm32f4xx_hal_msp.c **** /* USER CODE BEGIN Header */
   2:Core/Src/stm32f4xx_hal_msp.c **** /**
   3:Core/Src/stm32f4xx_hal_msp.c ****   ******************************************************************************
   4:Core/Src/stm32f4xx_hal_msp.c ****   * @file         stm32f4xx_hal_msp.c
   5:Core/Src/stm32f4xx_hal_msp.c ****   * @brief        This file provides code for the MSP Initialization
   6:Core/Src/stm32f4xx_hal_msp.c ****   *               and de-Initialization codes.
   7:Core/Src/stm32f4xx_hal_msp.c ****   ******************************************************************************
   8:Core/Src/stm32f4xx_hal_msp.c ****   * @attention
   9:Core/Src/stm32f4xx_hal_msp.c ****   *
  10:Core/Src/stm32f4xx_hal_msp.c ****   * <h2><center>&copy; Copyright (c) 2021 STMicroelectronics.
  11:Core/Src/stm32f4xx_hal_msp.c ****   * All rights reserved.</center></h2>
  12:Core/Src/stm32f4xx_hal_msp.c ****   *
  13:Core/Src/stm32f4xx_hal_msp.c ****   * This software component is licensed by ST under BSD 3-Clause license,
  14:Core/Src/stm32f4xx_hal_msp.c ****   * the "License"; You may not use this file except in compliance with the
  15:Core/Src/stm32f4xx_hal_msp.c ****   * License. You may obtain a copy of the License at:
  16:Core/Src/stm32f4xx_hal_msp.c ****   *                        opensource.org/licenses/BSD-3-Clause
  17:Core/Src/stm32f4xx_hal_msp.c ****   *
  18:Core/Src/stm32f4xx_hal_msp.c ****   ******************************************************************************
  19:Core/Src/stm32f4xx_hal_msp.c ****   */
  20:Core/Src/stm32f4xx_hal_msp.c **** /* USER CODE END Header */
  21:Core/Src/stm32f4xx_hal_msp.c **** 
  22:Core/Src/stm32f4xx_hal_msp.c **** /* Includes ------------------------------------------------------------------*/
  23:Core/Src/stm32f4xx_hal_msp.c **** #include "main.h"
  24:Core/Src/stm32f4xx_hal_msp.c **** /* USER CODE BEGIN Includes */
  25:Core/Src/stm32f4xx_hal_msp.c **** 
  26:Core/Src/stm32f4xx_hal_msp.c **** /* USER CODE END Includes */
  27:Core/Src/stm32f4xx_hal_msp.c **** 
  28:Core/Src/stm32f4xx_hal_msp.c **** /* Private typedef -----------------------------------------------------------*/
  29:Core/Src/stm32f4xx_hal_msp.c **** /* USER CODE BEGIN TD */
  30:Core/Src/stm32f4xx_hal_msp.c **** 
  31:Core/Src/stm32f4xx_hal_msp.c **** /* USER CODE END TD */
ARM GAS  D:\cygwin64\tmp\cccDOskf.s 			page 2


  32:Core/Src/stm32f4xx_hal_msp.c **** 
  33:Core/Src/stm32f4xx_hal_msp.c **** /* Private define ------------------------------------------------------------*/
  34:Core/Src/stm32f4xx_hal_msp.c **** /* USER CODE BEGIN Define */
  35:Core/Src/stm32f4xx_hal_msp.c **** 
  36:Core/Src/stm32f4xx_hal_msp.c **** /* USER CODE END Define */
  37:Core/Src/stm32f4xx_hal_msp.c **** 
  38:Core/Src/stm32f4xx_hal_msp.c **** /* Private macro -------------------------------------------------------------*/
  39:Core/Src/stm32f4xx_hal_msp.c **** /* USER CODE BEGIN Macro */
  40:Core/Src/stm32f4xx_hal_msp.c **** 
  41:Core/Src/stm32f4xx_hal_msp.c **** /* USER CODE END Macro */
  42:Core/Src/stm32f4xx_hal_msp.c **** 
  43:Core/Src/stm32f4xx_hal_msp.c **** /* Private variables ---------------------------------------------------------*/
  44:Core/Src/stm32f4xx_hal_msp.c **** /* USER CODE BEGIN PV */
  45:Core/Src/stm32f4xx_hal_msp.c **** 
  46:Core/Src/stm32f4xx_hal_msp.c **** /* USER CODE END PV */
  47:Core/Src/stm32f4xx_hal_msp.c **** 
  48:Core/Src/stm32f4xx_hal_msp.c **** /* Private function prototypes -----------------------------------------------*/
  49:Core/Src/stm32f4xx_hal_msp.c **** /* USER CODE BEGIN PFP */
  50:Core/Src/stm32f4xx_hal_msp.c **** 
  51:Core/Src/stm32f4xx_hal_msp.c **** /* USER CODE END PFP */
  52:Core/Src/stm32f4xx_hal_msp.c **** 
  53:Core/Src/stm32f4xx_hal_msp.c **** /* External functions --------------------------------------------------------*/
  54:Core/Src/stm32f4xx_hal_msp.c **** /* USER CODE BEGIN ExternalFunctions */
  55:Core/Src/stm32f4xx_hal_msp.c **** 
  56:Core/Src/stm32f4xx_hal_msp.c **** /* USER CODE END ExternalFunctions */
  57:Core/Src/stm32f4xx_hal_msp.c **** 
  58:Core/Src/stm32f4xx_hal_msp.c **** /* USER CODE BEGIN 0 */
  59:Core/Src/stm32f4xx_hal_msp.c **** 
  60:Core/Src/stm32f4xx_hal_msp.c **** /* USER CODE END 0 */
  61:Core/Src/stm32f4xx_hal_msp.c **** /**
  62:Core/Src/stm32f4xx_hal_msp.c ****   * Initializes the Global MSP.
  63:Core/Src/stm32f4xx_hal_msp.c ****   */
  64:Core/Src/stm32f4xx_hal_msp.c **** void HAL_MspInit(void)
  65:Core/Src/stm32f4xx_hal_msp.c **** {
  28              		.loc 1 65 0
  29              		.cfi_startproc
  30              		@ args = 0, pretend = 0, frame = 8
  31              		@ frame_needed = 0, uses_anonymous_args = 0
  32              		@ link register save eliminated.
  33 0000 82B0     		sub	sp, sp, #8
  34              	.LCFI0:
  35              		.cfi_def_cfa_offset 8
  36              	.LBB2:
  66:Core/Src/stm32f4xx_hal_msp.c ****   /* USER CODE BEGIN MspInit 0 */
  67:Core/Src/stm32f4xx_hal_msp.c **** 
  68:Core/Src/stm32f4xx_hal_msp.c ****   /* USER CODE END MspInit 0 */
  69:Core/Src/stm32f4xx_hal_msp.c **** 
  70:Core/Src/stm32f4xx_hal_msp.c ****   __HAL_RCC_SYSCFG_CLK_ENABLE();
  37              		.loc 1 70 0
  38 0002 0021     		movs	r1, #0
  39 0004 0091     		str	r1, [sp]
  40 0006 0B4B     		ldr	r3, .L3
  41 0008 5A6C     		ldr	r2, [r3, #68]
  42 000a 42F48042 		orr	r2, r2, #16384
  43 000e 5A64     		str	r2, [r3, #68]
  44 0010 5A6C     		ldr	r2, [r3, #68]
  45 0012 02F48042 		and	r2, r2, #16384
ARM GAS  D:\cygwin64\tmp\cccDOskf.s 			page 3


  46 0016 0092     		str	r2, [sp]
  47 0018 009A     		ldr	r2, [sp]
  48              	.LBE2:
  49              	.LBB3:
  71:Core/Src/stm32f4xx_hal_msp.c ****   __HAL_RCC_PWR_CLK_ENABLE();
  50              		.loc 1 71 0
  51 001a 0191     		str	r1, [sp, #4]
  52 001c 1A6C     		ldr	r2, [r3, #64]
  53 001e 42F08052 		orr	r2, r2, #268435456
  54 0022 1A64     		str	r2, [r3, #64]
  55 0024 1B6C     		ldr	r3, [r3, #64]
  56 0026 03F08053 		and	r3, r3, #268435456
  57 002a 0193     		str	r3, [sp, #4]
  58 002c 019B     		ldr	r3, [sp, #4]
  59              	.LBE3:
  72:Core/Src/stm32f4xx_hal_msp.c **** 
  73:Core/Src/stm32f4xx_hal_msp.c ****   /* System interrupt init*/
  74:Core/Src/stm32f4xx_hal_msp.c **** 
  75:Core/Src/stm32f4xx_hal_msp.c ****   /* USER CODE BEGIN MspInit 1 */
  76:Core/Src/stm32f4xx_hal_msp.c **** 
  77:Core/Src/stm32f4xx_hal_msp.c ****   /* USER CODE END MspInit 1 */
  78:Core/Src/stm32f4xx_hal_msp.c **** }
  60              		.loc 1 78 0
  61 002e 02B0     		add	sp, sp, #8
  62              	.LCFI1:
  63              		.cfi_def_cfa_offset 0
  64              		@ sp needed
  65 0030 7047     		bx	lr
  66              	.L4:
  67 0032 00BF     		.align	2
  68              	.L3:
  69 0034 00380240 		.word	1073887232
  70              		.cfi_endproc
  71              	.LFE130:
  73              		.section	.text.HAL_UART_MspInit,"ax",%progbits
  74              		.align	1
  75              		.global	HAL_UART_MspInit
  76              		.syntax unified
  77              		.thumb
  78              		.thumb_func
  79              		.fpu fpv4-sp-d16
  81              	HAL_UART_MspInit:
  82              	.LFB131:
  79:Core/Src/stm32f4xx_hal_msp.c **** 
  80:Core/Src/stm32f4xx_hal_msp.c **** /**
  81:Core/Src/stm32f4xx_hal_msp.c **** * @brief UART MSP Initialization
  82:Core/Src/stm32f4xx_hal_msp.c **** * This function configures the hardware resources used in this example
  83:Core/Src/stm32f4xx_hal_msp.c **** * @param huart: UART handle pointer
  84:Core/Src/stm32f4xx_hal_msp.c **** * @retval None
  85:Core/Src/stm32f4xx_hal_msp.c **** */
  86:Core/Src/stm32f4xx_hal_msp.c **** void HAL_UART_MspInit(UART_HandleTypeDef* huart)
  87:Core/Src/stm32f4xx_hal_msp.c **** {
  83              		.loc 1 87 0
  84              		.cfi_startproc
  85              		@ args = 0, pretend = 0, frame = 32
  86              		@ frame_needed = 0, uses_anonymous_args = 0
  87              	.LVL0:
ARM GAS  D:\cygwin64\tmp\cccDOskf.s 			page 4


  88 0000 00B5     		push	{lr}
  89              	.LCFI2:
  90              		.cfi_def_cfa_offset 4
  91              		.cfi_offset 14, -4
  92 0002 89B0     		sub	sp, sp, #36
  93              	.LCFI3:
  94              		.cfi_def_cfa_offset 40
  88:Core/Src/stm32f4xx_hal_msp.c ****   GPIO_InitTypeDef GPIO_InitStruct = {0};
  95              		.loc 1 88 0
  96 0004 0023     		movs	r3, #0
  97 0006 0393     		str	r3, [sp, #12]
  98 0008 0493     		str	r3, [sp, #16]
  99 000a 0593     		str	r3, [sp, #20]
 100 000c 0693     		str	r3, [sp, #24]
 101 000e 0793     		str	r3, [sp, #28]
  89:Core/Src/stm32f4xx_hal_msp.c ****   if(huart->Instance==USART2)
 102              		.loc 1 89 0
 103 0010 0268     		ldr	r2, [r0]
 104 0012 154B     		ldr	r3, .L9
 105 0014 9A42     		cmp	r2, r3
 106 0016 02D0     		beq	.L8
 107              	.LVL1:
 108              	.L5:
  90:Core/Src/stm32f4xx_hal_msp.c ****   {
  91:Core/Src/stm32f4xx_hal_msp.c ****   /* USER CODE BEGIN USART2_MspInit 0 */
  92:Core/Src/stm32f4xx_hal_msp.c **** 
  93:Core/Src/stm32f4xx_hal_msp.c ****   /* USER CODE END USART2_MspInit 0 */
  94:Core/Src/stm32f4xx_hal_msp.c ****     /* Peripheral clock enable */
  95:Core/Src/stm32f4xx_hal_msp.c ****     __HAL_RCC_USART2_CLK_ENABLE();
  96:Core/Src/stm32f4xx_hal_msp.c **** 
  97:Core/Src/stm32f4xx_hal_msp.c ****     __HAL_RCC_GPIOA_CLK_ENABLE();
  98:Core/Src/stm32f4xx_hal_msp.c ****     /**USART2 GPIO Configuration
  99:Core/Src/stm32f4xx_hal_msp.c ****     PA2     ------> USART2_TX
 100:Core/Src/stm32f4xx_hal_msp.c ****     PA3     ------> USART2_RX
 101:Core/Src/stm32f4xx_hal_msp.c ****     */
 102:Core/Src/stm32f4xx_hal_msp.c ****     GPIO_InitStruct.Pin = GPIO_PIN_2|GPIO_PIN_3;
 103:Core/Src/stm32f4xx_hal_msp.c ****     GPIO_InitStruct.Mode = GPIO_MODE_AF_PP;
 104:Core/Src/stm32f4xx_hal_msp.c ****     GPIO_InitStruct.Pull = GPIO_NOPULL;
 105:Core/Src/stm32f4xx_hal_msp.c ****     GPIO_InitStruct.Speed = GPIO_SPEED_FREQ_VERY_HIGH;
 106:Core/Src/stm32f4xx_hal_msp.c ****     GPIO_InitStruct.Alternate = GPIO_AF7_USART2;
 107:Core/Src/stm32f4xx_hal_msp.c ****     HAL_GPIO_Init(GPIOA, &GPIO_InitStruct);
 108:Core/Src/stm32f4xx_hal_msp.c **** 
 109:Core/Src/stm32f4xx_hal_msp.c ****   /* USER CODE BEGIN USART2_MspInit 1 */
 110:Core/Src/stm32f4xx_hal_msp.c **** 
 111:Core/Src/stm32f4xx_hal_msp.c ****   /* USER CODE END USART2_MspInit 1 */
 112:Core/Src/stm32f4xx_hal_msp.c ****   }
 113:Core/Src/stm32f4xx_hal_msp.c **** 
 114:Core/Src/stm32f4xx_hal_msp.c **** }
 109              		.loc 1 114 0
 110 0018 09B0     		add	sp, sp, #36
 111              	.LCFI4:
 112              		.cfi_remember_state
 113              		.cfi_def_cfa_offset 4
 114              		@ sp needed
 115 001a 5DF804FB 		ldr	pc, [sp], #4
 116              	.LVL2:
 117              	.L8:
ARM GAS  D:\cygwin64\tmp\cccDOskf.s 			page 5


 118              	.LCFI5:
 119              		.cfi_restore_state
 120              	.LBB4:
  95:Core/Src/stm32f4xx_hal_msp.c **** 
 121              		.loc 1 95 0
 122 001e 0021     		movs	r1, #0
 123 0020 0191     		str	r1, [sp, #4]
 124 0022 03F5FA33 		add	r3, r3, #128000
 125 0026 1A6C     		ldr	r2, [r3, #64]
 126 0028 42F40032 		orr	r2, r2, #131072
 127 002c 1A64     		str	r2, [r3, #64]
 128 002e 1A6C     		ldr	r2, [r3, #64]
 129 0030 02F40032 		and	r2, r2, #131072
 130 0034 0192     		str	r2, [sp, #4]
 131 0036 019A     		ldr	r2, [sp, #4]
 132              	.LBE4:
 133              	.LBB5:
  97:Core/Src/stm32f4xx_hal_msp.c ****     /**USART2 GPIO Configuration
 134              		.loc 1 97 0
 135 0038 0291     		str	r1, [sp, #8]
 136 003a 1A6B     		ldr	r2, [r3, #48]
 137 003c 42F00102 		orr	r2, r2, #1
 138 0040 1A63     		str	r2, [r3, #48]
 139 0042 1B6B     		ldr	r3, [r3, #48]
 140 0044 03F00103 		and	r3, r3, #1
 141 0048 0293     		str	r3, [sp, #8]
 142 004a 029B     		ldr	r3, [sp, #8]
 143              	.LBE5:
 102:Core/Src/stm32f4xx_hal_msp.c ****     GPIO_InitStruct.Mode = GPIO_MODE_AF_PP;
 144              		.loc 1 102 0
 145 004c 0C23     		movs	r3, #12
 146 004e 0393     		str	r3, [sp, #12]
 103:Core/Src/stm32f4xx_hal_msp.c ****     GPIO_InitStruct.Pull = GPIO_NOPULL;
 147              		.loc 1 103 0
 148 0050 0223     		movs	r3, #2
 149 0052 0493     		str	r3, [sp, #16]
 105:Core/Src/stm32f4xx_hal_msp.c ****     GPIO_InitStruct.Alternate = GPIO_AF7_USART2;
 150              		.loc 1 105 0
 151 0054 0323     		movs	r3, #3
 152 0056 0693     		str	r3, [sp, #24]
 106:Core/Src/stm32f4xx_hal_msp.c ****     HAL_GPIO_Init(GPIOA, &GPIO_InitStruct);
 153              		.loc 1 106 0
 154 0058 0723     		movs	r3, #7
 155 005a 0793     		str	r3, [sp, #28]
 107:Core/Src/stm32f4xx_hal_msp.c **** 
 156              		.loc 1 107 0
 157 005c 03A9     		add	r1, sp, #12
 158 005e 0348     		ldr	r0, .L9+4
 159              	.LVL3:
 160 0060 FFF7FEFF 		bl	HAL_GPIO_Init
 161              	.LVL4:
 162              		.loc 1 114 0
 163 0064 D8E7     		b	.L5
 164              	.L10:
 165 0066 00BF     		.align	2
 166              	.L9:
 167 0068 00440040 		.word	1073759232
ARM GAS  D:\cygwin64\tmp\cccDOskf.s 			page 6


 168 006c 00000240 		.word	1073872896
 169              		.cfi_endproc
 170              	.LFE131:
 172              		.section	.text.HAL_UART_MspDeInit,"ax",%progbits
 173              		.align	1
 174              		.global	HAL_UART_MspDeInit
 175              		.syntax unified
 176              		.thumb
 177              		.thumb_func
 178              		.fpu fpv4-sp-d16
 180              	HAL_UART_MspDeInit:
 181              	.LFB132:
 115:Core/Src/stm32f4xx_hal_msp.c **** 
 116:Core/Src/stm32f4xx_hal_msp.c **** /**
 117:Core/Src/stm32f4xx_hal_msp.c **** * @brief UART MSP De-Initialization
 118:Core/Src/stm32f4xx_hal_msp.c **** * This function freeze the hardware resources used in this example
 119:Core/Src/stm32f4xx_hal_msp.c **** * @param huart: UART handle pointer
 120:Core/Src/stm32f4xx_hal_msp.c **** * @retval None
 121:Core/Src/stm32f4xx_hal_msp.c **** */
 122:Core/Src/stm32f4xx_hal_msp.c **** void HAL_UART_MspDeInit(UART_HandleTypeDef* huart)
 123:Core/Src/stm32f4xx_hal_msp.c **** {
 182              		.loc 1 123 0
 183              		.cfi_startproc
 184              		@ args = 0, pretend = 0, frame = 0
 185              		@ frame_needed = 0, uses_anonymous_args = 0
 186              	.LVL5:
 187 0000 08B5     		push	{r3, lr}
 188              	.LCFI6:
 189              		.cfi_def_cfa_offset 8
 190              		.cfi_offset 3, -8
 191              		.cfi_offset 14, -4
 124:Core/Src/stm32f4xx_hal_msp.c ****   if(huart->Instance==USART2)
 192              		.loc 1 124 0
 193 0002 0268     		ldr	r2, [r0]
 194 0004 064B     		ldr	r3, .L15
 195 0006 9A42     		cmp	r2, r3
 196 0008 00D0     		beq	.L14
 197              	.LVL6:
 198              	.L11:
 199 000a 08BD     		pop	{r3, pc}
 200              	.LVL7:
 201              	.L14:
 125:Core/Src/stm32f4xx_hal_msp.c ****   {
 126:Core/Src/stm32f4xx_hal_msp.c ****   /* USER CODE BEGIN USART2_MspDeInit 0 */
 127:Core/Src/stm32f4xx_hal_msp.c **** 
 128:Core/Src/stm32f4xx_hal_msp.c ****   /* USER CODE END USART2_MspDeInit 0 */
 129:Core/Src/stm32f4xx_hal_msp.c ****     /* Peripheral clock disable */
 130:Core/Src/stm32f4xx_hal_msp.c ****     __HAL_RCC_USART2_CLK_DISABLE();
 202              		.loc 1 130 0
 203 000c 054A     		ldr	r2, .L15+4
 204 000e 136C     		ldr	r3, [r2, #64]
 205 0010 23F40033 		bic	r3, r3, #131072
 206 0014 1364     		str	r3, [r2, #64]
 131:Core/Src/stm32f4xx_hal_msp.c **** 
 132:Core/Src/stm32f4xx_hal_msp.c ****     /**USART2 GPIO Configuration
 133:Core/Src/stm32f4xx_hal_msp.c ****     PA2     ------> USART2_TX
 134:Core/Src/stm32f4xx_hal_msp.c ****     PA3     ------> USART2_RX
ARM GAS  D:\cygwin64\tmp\cccDOskf.s 			page 7


 135:Core/Src/stm32f4xx_hal_msp.c ****     */
 136:Core/Src/stm32f4xx_hal_msp.c ****     HAL_GPIO_DeInit(GPIOA, GPIO_PIN_2|GPIO_PIN_3);
 207              		.loc 1 136 0
 208 0016 0C21     		movs	r1, #12
 209 0018 0348     		ldr	r0, .L15+8
 210              	.LVL8:
 211 001a FFF7FEFF 		bl	HAL_GPIO_DeInit
 212              	.LVL9:
 137:Core/Src/stm32f4xx_hal_msp.c **** 
 138:Core/Src/stm32f4xx_hal_msp.c ****   /* USER CODE BEGIN USART2_MspDeInit 1 */
 139:Core/Src/stm32f4xx_hal_msp.c **** 
 140:Core/Src/stm32f4xx_hal_msp.c ****   /* USER CODE END USART2_MspDeInit 1 */
 141:Core/Src/stm32f4xx_hal_msp.c ****   }
 142:Core/Src/stm32f4xx_hal_msp.c **** 
 143:Core/Src/stm32f4xx_hal_msp.c **** }
 213              		.loc 1 143 0
 214 001e F4E7     		b	.L11
 215              	.L16:
 216              		.align	2
 217              	.L15:
 218 0020 00440040 		.word	1073759232
 219 0024 00380240 		.word	1073887232
 220 0028 00000240 		.word	1073872896
 221              		.cfi_endproc
 222              	.LFE132:
 224              		.text
 225              	.Letext0:
 226              		.file 2 "c:\\program files (x86)\\gnu tools arm embedded\\6 2017-q2-update\\arm-none-eabi\\include
 227              		.file 3 "c:\\program files (x86)\\gnu tools arm embedded\\6 2017-q2-update\\arm-none-eabi\\include
 228              		.file 4 "Drivers/CMSIS/Include/core_cm4.h"
 229              		.file 5 "Drivers/CMSIS/Device/ST/STM32F4xx/Include/system_stm32f4xx.h"
 230              		.file 6 "Drivers/CMSIS/Device/ST/STM32F4xx/Include/stm32f401xe.h"
 231              		.file 7 "Drivers/STM32F4xx_HAL_Driver/Inc/stm32f4xx_hal_def.h"
 232              		.file 8 "Drivers/STM32F4xx_HAL_Driver/Inc/stm32f4xx_hal_gpio.h"
 233              		.file 9 "Drivers/STM32F4xx_HAL_Driver/Inc/stm32f4xx_hal_dma.h"
 234              		.file 10 "Drivers/STM32F4xx_HAL_Driver/Inc/stm32f4xx_hal_uart.h"
 235              		.file 11 "Drivers/STM32F4xx_HAL_Driver/Inc/stm32f4xx_hal.h"
ARM GAS  D:\cygwin64\tmp\cccDOskf.s 			page 8


DEFINED SYMBOLS
                            *ABS*:00000000 stm32f4xx_hal_msp.c
D:\cygwin64\tmp\cccDOskf.s:18     .text.HAL_MspInit:00000000 $t
D:\cygwin64\tmp\cccDOskf.s:25     .text.HAL_MspInit:00000000 HAL_MspInit
D:\cygwin64\tmp\cccDOskf.s:69     .text.HAL_MspInit:00000034 $d
D:\cygwin64\tmp\cccDOskf.s:74     .text.HAL_UART_MspInit:00000000 $t
D:\cygwin64\tmp\cccDOskf.s:81     .text.HAL_UART_MspInit:00000000 HAL_UART_MspInit
D:\cygwin64\tmp\cccDOskf.s:167    .text.HAL_UART_MspInit:00000068 $d
D:\cygwin64\tmp\cccDOskf.s:173    .text.HAL_UART_MspDeInit:00000000 $t
D:\cygwin64\tmp\cccDOskf.s:180    .text.HAL_UART_MspDeInit:00000000 HAL_UART_MspDeInit
D:\cygwin64\tmp\cccDOskf.s:218    .text.HAL_UART_MspDeInit:00000020 $d
                     .debug_frame:00000010 $d

UNDEFINED SYMBOLS
HAL_GPIO_Init
HAL_GPIO_DeInit
