ARM GAS  D:\cygwin64\tmp\cczE7JXX.s 			page 1


   1              		.cpu cortex-m4
   2              		.eabi_attribute 27, 1
   3              		.eabi_attribute 28, 1
   4              		.eabi_attribute 20, 1
   5              		.eabi_attribute 21, 1
   6              		.eabi_attribute 23, 3
   7              		.eabi_attribute 24, 1
   8              		.eabi_attribute 25, 1
   9              		.eabi_attribute 26, 1
  10              		.eabi_attribute 30, 1
  11              		.eabi_attribute 34, 1
  12              		.eabi_attribute 18, 4
  13              		.file	"wifi_globals.c"
  14              		.text
  15              	.Ltext0:
  16              		.cfi_sections	.debug_frame
  17              		.section	.text.Set_UartMsgHandle,"ax",%progbits
  18              		.align	1
  19              		.global	Set_UartMsgHandle
  20              		.syntax unified
  21              		.thumb
  22              		.thumb_func
  23              		.fpu fpv4-sp-d16
  25              	Set_UartMsgHandle:
  26              	.LFB275:
  27              		.file 1 "Middlewares/ST/STM32_SPWF0xSy/Utils/wifi_globals.c"
   1:Middlewares/ST/STM32_SPWF0xSy/Utils/wifi_globals.c **** /**
   2:Middlewares/ST/STM32_SPWF0xSy/Utils/wifi_globals.c ****  ******************************************************************************
   3:Middlewares/ST/STM32_SPWF0xSy/Utils/wifi_globals.c ****  * @file    wifi_globals.c
   4:Middlewares/ST/STM32_SPWF0xSy/Utils/wifi_globals.c ****  * @author  Central LAB
   5:Middlewares/ST/STM32_SPWF0xSy/Utils/wifi_globals.c ****  * @version V2.1.0
   6:Middlewares/ST/STM32_SPWF0xSy/Utils/wifi_globals.c ****  * @date    06-April-2016
   7:Middlewares/ST/STM32_SPWF0xSy/Utils/wifi_globals.c ****  * @brief   Store all global variables
   8:Middlewares/ST/STM32_SPWF0xSy/Utils/wifi_globals.c ****  ******************************************************************************
   9:Middlewares/ST/STM32_SPWF0xSy/Utils/wifi_globals.c ****  * @attention
  10:Middlewares/ST/STM32_SPWF0xSy/Utils/wifi_globals.c ****  *
  11:Middlewares/ST/STM32_SPWF0xSy/Utils/wifi_globals.c ****  * <h2><center>&copy; COPYRIGHT(c) 2015 STMicroelectronics</center></h2>
  12:Middlewares/ST/STM32_SPWF0xSy/Utils/wifi_globals.c ****  *
  13:Middlewares/ST/STM32_SPWF0xSy/Utils/wifi_globals.c ****  * Redistribution and use in source and binary forms, with or without modification,
  14:Middlewares/ST/STM32_SPWF0xSy/Utils/wifi_globals.c ****  * are permitted provided that the following conditions are met:
  15:Middlewares/ST/STM32_SPWF0xSy/Utils/wifi_globals.c ****  *   1. Redistributions of source code must retain the above copyright notice,
  16:Middlewares/ST/STM32_SPWF0xSy/Utils/wifi_globals.c ****  *      this list of conditions and the following disclaimer.
  17:Middlewares/ST/STM32_SPWF0xSy/Utils/wifi_globals.c ****  *   2. Redistributions in binary form must reproduce the above copyright notice,
  18:Middlewares/ST/STM32_SPWF0xSy/Utils/wifi_globals.c ****  *      this list of conditions and the following disclaimer in the documentation
  19:Middlewares/ST/STM32_SPWF0xSy/Utils/wifi_globals.c ****  *      and/or other materials provided with the distribution.
  20:Middlewares/ST/STM32_SPWF0xSy/Utils/wifi_globals.c ****  *   3. Neither the name of STMicroelectronics nor the names of its contributors
  21:Middlewares/ST/STM32_SPWF0xSy/Utils/wifi_globals.c ****  *      may be used to endorse or promote products derived from this software
  22:Middlewares/ST/STM32_SPWF0xSy/Utils/wifi_globals.c ****  *      without specific prior written permission.
  23:Middlewares/ST/STM32_SPWF0xSy/Utils/wifi_globals.c ****  *
  24:Middlewares/ST/STM32_SPWF0xSy/Utils/wifi_globals.c ****  * THIS SOFTWARE IS PROVIDED BY THE COPYRIGHT HOLDERS AND CONTRIBUTORS "AS IS"
  25:Middlewares/ST/STM32_SPWF0xSy/Utils/wifi_globals.c ****  * AND ANY EXPRESS OR IMPLIED WARRANTIES, INCLUDING, BUT NOT LIMITED TO, THE
  26:Middlewares/ST/STM32_SPWF0xSy/Utils/wifi_globals.c ****  * IMPLIED WARRANTIES OF MERCHANTABILITY AND FITNESS FOR A PARTICULAR PURPOSE ARE
  27:Middlewares/ST/STM32_SPWF0xSy/Utils/wifi_globals.c ****  * DISCLAIMED. IN NO EVENT SHALL THE COPYRIGHT HOLDER OR CONTRIBUTORS BE LIABLE
  28:Middlewares/ST/STM32_SPWF0xSy/Utils/wifi_globals.c ****  * FOR ANY DIRECT, INDIRECT, INCIDENTAL, SPECIAL, EXEMPLARY, OR CONSEQUENTIAL
  29:Middlewares/ST/STM32_SPWF0xSy/Utils/wifi_globals.c ****  * DAMAGES (INCLUDING, BUT NOT LIMITED TO, PROCUREMENT OF SUBSTITUTE GOODS OR
  30:Middlewares/ST/STM32_SPWF0xSy/Utils/wifi_globals.c ****  * SERVICES; LOSS OF USE, DATA, OR PROFITS; OR BUSINESS INTERRUPTION) HOWEVER
  31:Middlewares/ST/STM32_SPWF0xSy/Utils/wifi_globals.c ****  * CAUSED AND ON ANY THEORY OF LIABILITY, WHETHER IN CONTRACT, STRICT LIABILITY,
ARM GAS  D:\cygwin64\tmp\cczE7JXX.s 			page 2


  32:Middlewares/ST/STM32_SPWF0xSy/Utils/wifi_globals.c ****  * OR TORT (INCLUDING NEGLIGENCE OR OTHERWISE) ARISING IN ANY WAY OUT OF THE USE
  33:Middlewares/ST/STM32_SPWF0xSy/Utils/wifi_globals.c ****  * OF THIS SOFTWARE, EVEN IF ADVISED OF THE POSSIBILITY OF SUCH DAMAGE.
  34:Middlewares/ST/STM32_SPWF0xSy/Utils/wifi_globals.c ****  *
  35:Middlewares/ST/STM32_SPWF0xSy/Utils/wifi_globals.c ****  ******************************************************************************
  36:Middlewares/ST/STM32_SPWF0xSy/Utils/wifi_globals.c ****  */
  37:Middlewares/ST/STM32_SPWF0xSy/Utils/wifi_globals.c **** 
  38:Middlewares/ST/STM32_SPWF0xSy/Utils/wifi_globals.c **** /* Includes ------------------------------------------------------------------*/
  39:Middlewares/ST/STM32_SPWF0xSy/Utils/wifi_globals.c **** #include "wifi_globals.h"
  40:Middlewares/ST/STM32_SPWF0xSy/Utils/wifi_globals.c **** 
  41:Middlewares/ST/STM32_SPWF0xSy/Utils/wifi_globals.c **** /** @addtogroup MIDDLEWARES
  42:Middlewares/ST/STM32_SPWF0xSy/Utils/wifi_globals.c **** * @{
  43:Middlewares/ST/STM32_SPWF0xSy/Utils/wifi_globals.c **** */ 
  44:Middlewares/ST/STM32_SPWF0xSy/Utils/wifi_globals.c **** 
  45:Middlewares/ST/STM32_SPWF0xSy/Utils/wifi_globals.c **** /** @addtogroup NUCLEO_WIFI_MODULE_Private_Variables
  46:Middlewares/ST/STM32_SPWF0xSy/Utils/wifi_globals.c ****   * @{
  47:Middlewares/ST/STM32_SPWF0xSy/Utils/wifi_globals.c ****   */
  48:Middlewares/ST/STM32_SPWF0xSy/Utils/wifi_globals.c **** 
  49:Middlewares/ST/STM32_SPWF0xSy/Utils/wifi_globals.c **** /***********All Buffers**************/
  50:Middlewares/ST/STM32_SPWF0xSy/Utils/wifi_globals.c **** #if defined (USE_STM32L0XX_NUCLEO) && defined (WIFI_USE_VCOM) 
  51:Middlewares/ST/STM32_SPWF0xSy/Utils/wifi_globals.c **** char UserDataBuff[1];   /* Not used in case of VCOM */
  52:Middlewares/ST/STM32_SPWF0xSy/Utils/wifi_globals.c **** uint8_t pop_buffer[1];
  53:Middlewares/ST/STM32_SPWF0xSy/Utils/wifi_globals.c **** #else
  54:Middlewares/ST/STM32_SPWF0xSy/Utils/wifi_globals.c **** char UserDataBuff[MAX_BUFFER_GLOBAL];   /* Used to store data that is to be send in callback to use
  55:Middlewares/ST/STM32_SPWF0xSy/Utils/wifi_globals.c **** uint8_t pop_buffer[MAX_BUFFER_GLOBAL];
  56:Middlewares/ST/STM32_SPWF0xSy/Utils/wifi_globals.c **** #endif
  57:Middlewares/ST/STM32_SPWF0xSy/Utils/wifi_globals.c **** 
  58:Middlewares/ST/STM32_SPWF0xSy/Utils/wifi_globals.c **** wifi_event_TypeDef element;
  59:Middlewares/ST/STM32_SPWF0xSy/Utils/wifi_globals.c **** /* Middleware version, Compatible Firmware version */
  60:Middlewares/ST/STM32_SPWF0xSy/Utils/wifi_globals.c **** SW_FW_COMPATIBILITY_t SW_FW_COMPATIBILITY[1] = {
  61:Middlewares/ST/STM32_SPWF0xSy/Utils/wifi_globals.c ****   {"3.1.0", "1.1.0"}
  62:Middlewares/ST/STM32_SPWF0xSy/Utils/wifi_globals.c **** };
  63:Middlewares/ST/STM32_SPWF0xSy/Utils/wifi_globals.c **** 
  64:Middlewares/ST/STM32_SPWF0xSy/Utils/wifi_globals.c **** /* TIM handle declaration */
  65:Middlewares/ST/STM32_SPWF0xSy/Utils/wifi_globals.c **** TIM_HandleTypeDef    TimHandle, PushTimHandle;
  66:Middlewares/ST/STM32_SPWF0xSy/Utils/wifi_globals.c **** 
  67:Middlewares/ST/STM32_SPWF0xSy/Utils/wifi_globals.c **** /* UART handle declaration */
  68:Middlewares/ST/STM32_SPWF0xSy/Utils/wifi_globals.c **** UART_HandleTypeDef UartWiFiHandle,*UartMsgHandle;
  69:Middlewares/ST/STM32_SPWF0xSy/Utils/wifi_globals.c **** 
  70:Middlewares/ST/STM32_SPWF0xSy/Utils/wifi_globals.c **** WiFi_Config_HandleTypeDef WiFi_Config_Variables;
  71:Middlewares/ST/STM32_SPWF0xSy/Utils/wifi_globals.c **** WiFi_Counter_Variables_t WiFi_Counter_Variables;
  72:Middlewares/ST/STM32_SPWF0xSy/Utils/wifi_globals.c **** WiFi_Control_Variables_t WiFi_Control_Variables;
  73:Middlewares/ST/STM32_SPWF0xSy/Utils/wifi_globals.c **** __IO IO_status_flag_typedef IO_status_flag;
  74:Middlewares/ST/STM32_SPWF0xSy/Utils/wifi_globals.c **** 
  75:Middlewares/ST/STM32_SPWF0xSy/Utils/wifi_globals.c **** volatile uint8_t wifi_connected = WIFI_FALSE;   //Set once if wifi is connected for first time
  76:Middlewares/ST/STM32_SPWF0xSy/Utils/wifi_globals.c **** volatile uint8_t wifi_client_connected = 0;     //Set once if client is connected
  77:Middlewares/ST/STM32_SPWF0xSy/Utils/wifi_globals.c **** volatile uint8_t wifi_client_disconnected = 0;  //Set once if client is dis-connected
  78:Middlewares/ST/STM32_SPWF0xSy/Utils/wifi_globals.c **** 
  79:Middlewares/ST/STM32_SPWF0xSy/Utils/wifi_globals.c **** wifi_bool open_sockets[CLIENT_SOCKET_COUNT];  // Each array element depicts one socket (true=open, 
  80:Middlewares/ST/STM32_SPWF0xSy/Utils/wifi_globals.c **** wifi_bool open_server_sockets[SERVER_SOCKET_COUNT];
  81:Middlewares/ST/STM32_SPWF0xSy/Utils/wifi_globals.c **** wifi_bool open_web_socket[WEB_CLIENT_SOCKET_COUNT]; 
  82:Middlewares/ST/STM32_SPWF0xSy/Utils/wifi_globals.c **** wifi_bool Client_Socket_Close_Callback[CLIENT_SOCKET_COUNT];
  83:Middlewares/ST/STM32_SPWF0xSy/Utils/wifi_globals.c **** wifi_bool client_connected_on_server_socket[SERVER_SOCKET_COUNT][CLIENT_SOCKET_COUNT];
  84:Middlewares/ST/STM32_SPWF0xSy/Utils/wifi_globals.c **** wifi_scan *wifi_scanned_list;            // [MAX_WIFI_SCAN_NETWORK]
  85:Middlewares/ST/STM32_SPWF0xSy/Utils/wifi_globals.c **** 
  86:Middlewares/ST/STM32_SPWF0xSy/Utils/wifi_globals.c **** char *wifi_scan_string = "%d:\t BSS %[^ ] CHAN: %d RSSI: -%d SSID: '%[^'] %[^\n]";
  87:Middlewares/ST/STM32_SPWF0xSy/Utils/wifi_globals.c **** 
  88:Middlewares/ST/STM32_SPWF0xSy/Utils/wifi_globals.c **** #if defined (USE_STM32F4XX_NUCLEO) || defined(USE_STM32L4XX_NUCLEO)
ARM GAS  D:\cygwin64\tmp\cczE7JXX.s 			page 3


  89:Middlewares/ST/STM32_SPWF0xSy/Utils/wifi_globals.c **** #ifdef SPI_VCOM
  90:Middlewares/ST/STM32_SPWF0xSy/Utils/wifi_globals.c **** uint8_t SPI_VCOM_Buff[3072];//3K size!
  91:Middlewares/ST/STM32_SPWF0xSy/Utils/wifi_globals.c **** #endif
  92:Middlewares/ST/STM32_SPWF0xSy/Utils/wifi_globals.c **** 
  93:Middlewares/ST/STM32_SPWF0xSy/Utils/wifi_globals.c **** uint8_t WiFi_AT_Cmd_Buff[2048];
  94:Middlewares/ST/STM32_SPWF0xSy/Utils/wifi_globals.c **** uint8_t WiFi_SPI_Packet[128];
  95:Middlewares/ST/STM32_SPWF0xSy/Utils/wifi_globals.c **** 
  96:Middlewares/ST/STM32_SPWF0xSy/Utils/wifi_globals.c **** /* SPI handle declaration */
  97:Middlewares/ST/STM32_SPWF0xSy/Utils/wifi_globals.c **** SPI_HandleTypeDef SpiHandle;
  98:Middlewares/ST/STM32_SPWF0xSy/Utils/wifi_globals.c **** #else
  99:Middlewares/ST/STM32_SPWF0xSy/Utils/wifi_globals.c **** 
 100:Middlewares/ST/STM32_SPWF0xSy/Utils/wifi_globals.c **** #if defined (USE_STM32L0XX_NUCLEO) && defined (WIFI_USE_VCOM)
 101:Middlewares/ST/STM32_SPWF0xSy/Utils/wifi_globals.c **** uint8_t WiFi_AT_Cmd_Buff[1];
 102:Middlewares/ST/STM32_SPWF0xSy/Utils/wifi_globals.c **** #else
 103:Middlewares/ST/STM32_SPWF0xSy/Utils/wifi_globals.c **** uint8_t WiFi_AT_Cmd_Buff[1024];
 104:Middlewares/ST/STM32_SPWF0xSy/Utils/wifi_globals.c **** #endif
 105:Middlewares/ST/STM32_SPWF0xSy/Utils/wifi_globals.c **** #endif
 106:Middlewares/ST/STM32_SPWF0xSy/Utils/wifi_globals.c **** 
 107:Middlewares/ST/STM32_SPWF0xSy/Utils/wifi_globals.c **** uint8_t dma_buffer[DMA_BUFFER_SIZE];
 108:Middlewares/ST/STM32_SPWF0xSy/Utils/wifi_globals.c **** uint8_t * dma_buffer_ptr = dma_buffer;
 109:Middlewares/ST/STM32_SPWF0xSy/Utils/wifi_globals.c **** 
 110:Middlewares/ST/STM32_SPWF0xSy/Utils/wifi_globals.c **** wifi_bool packet_payload_data_available;
 111:Middlewares/ST/STM32_SPWF0xSy/Utils/wifi_globals.c **** WiFi_Mqtt_t mqtt_type = NO_TYPE;
 112:Middlewares/ST/STM32_SPWF0xSy/Utils/wifi_globals.c **** struct tftp_recv *ROOT = NULL;
 113:Middlewares/ST/STM32_SPWF0xSy/Utils/wifi_globals.c **** struct tftp_recv *curr_node = NULL;
 114:Middlewares/ST/STM32_SPWF0xSy/Utils/wifi_globals.c **** 
 115:Middlewares/ST/STM32_SPWF0xSy/Utils/wifi_globals.c **** /* Private Function ------------------------------------------------------------------*/
 116:Middlewares/ST/STM32_SPWF0xSy/Utils/wifi_globals.c **** void Set_UartMsgHandle(UART_HandleTypeDef *UART_MsgHandle)
 117:Middlewares/ST/STM32_SPWF0xSy/Utils/wifi_globals.c **** {
  28              		.loc 1 117 0
  29              		.cfi_startproc
  30              		@ args = 0, pretend = 0, frame = 0
  31              		@ frame_needed = 0, uses_anonymous_args = 0
  32              		@ link register save eliminated.
  33              	.LVL0:
 118:Middlewares/ST/STM32_SPWF0xSy/Utils/wifi_globals.c ****   UartMsgHandle = UART_MsgHandle;
  34              		.loc 1 118 0
  35 0000 014B     		ldr	r3, .L2
  36 0002 1860     		str	r0, [r3]
  37 0004 7047     		bx	lr
  38              	.L3:
  39 0006 00BF     		.align	2
  40              	.L2:
  41 0008 00000000 		.word	UartMsgHandle
  42              		.cfi_endproc
  43              	.LFE275:
  45              		.global	curr_node
  46              		.global	ROOT
  47              		.global	mqtt_type
  48              		.comm	packet_payload_data_available,1,1
  49              		.global	dma_buffer_ptr
  50              		.comm	dma_buffer,2048,4
  51              		.comm	SpiHandle,88,4
  52              		.comm	WiFi_SPI_Packet,128,4
  53              		.comm	WiFi_AT_Cmd_Buff,2048,4
  54              		.global	wifi_scan_string
  55              		.comm	wifi_scanned_list,4,4
ARM GAS  D:\cygwin64\tmp\cczE7JXX.s 			page 4


  56              		.comm	client_connected_on_server_socket,16,4
  57              		.comm	Client_Socket_Close_Callback,8,4
  58              		.comm	open_web_socket,1,4
  59              		.comm	open_server_sockets,2,4
  60              		.comm	open_sockets,8,4
  61              		.global	wifi_client_disconnected
  62              		.global	wifi_client_connected
  63              		.global	wifi_connected
  64              		.comm	IO_status_flag,24,4
  65              		.comm	WiFi_Control_Variables,10,4
  66              		.comm	WiFi_Counter_Variables,252,4
  67              		.comm	WiFi_Config_Variables,52,4
  68              		.comm	UartMsgHandle,4,4
  69              		.comm	UartWiFiHandle,64,4
  70              		.comm	PushTimHandle,64,4
  71              		.comm	TimHandle,64,4
  72              		.global	SW_FW_COMPATIBILITY
  73              		.comm	element,8,4
  74              		.comm	pop_buffer,512,4
  75              		.comm	UserDataBuff,512,4
  76              		.section	.bss.ROOT,"aw",%nobits
  77              		.align	2
  80              	ROOT:
  81 0000 00000000 		.space	4
  82              		.section	.bss.curr_node,"aw",%nobits
  83              		.align	2
  86              	curr_node:
  87 0000 00000000 		.space	4
  88              		.section	.bss.mqtt_type,"aw",%nobits
  91              	mqtt_type:
  92 0000 00       		.space	1
  93              		.section	.bss.wifi_client_connected,"aw",%nobits
  96              	wifi_client_connected:
  97 0000 00       		.space	1
  98              		.section	.bss.wifi_client_disconnected,"aw",%nobits
 101              	wifi_client_disconnected:
 102 0000 00       		.space	1
 103              		.section	.bss.wifi_connected,"aw",%nobits
 106              	wifi_connected:
 107 0000 00       		.space	1
 108              		.section	.data.SW_FW_COMPATIBILITY,"aw",%progbits
 109              		.align	2
 112              	SW_FW_COMPATIBILITY:
 113 0000 38000000 		.word	.LC1
 114 0004 40000000 		.word	.LC2
 115              		.section	.data.dma_buffer_ptr,"aw",%progbits
 116              		.align	2
 119              	dma_buffer_ptr:
 120 0000 00000000 		.word	dma_buffer
 121              		.section	.data.wifi_scan_string,"aw",%progbits
 122              		.align	2
 125              	wifi_scan_string:
 126 0000 00000000 		.word	.LC0
 127              		.section	.rodata.str1.4,"aMS",%progbits,1
 128              		.align	2
 129              	.LC0:
 130 0000 25643A09 		.ascii	"%d:\011 BSS %[^ ] CHAN: %d RSSI: -%d SSID: '%[^'] %"
ARM GAS  D:\cygwin64\tmp\cczE7JXX.s 			page 5


 130      20425353 
 130      20255B5E 
 130      205D2043 
 130      48414E3A 
 131 0030 5B5E0A5D 		.ascii	"[^\012]\000"
 131      00
 132 0035 000000   		.space	3
 133              	.LC1:
 134 0038 332E312E 		.ascii	"3.1.0\000"
 134      3000
 135 003e 0000     		.space	2
 136              	.LC2:
 137 0040 312E312E 		.ascii	"1.1.0\000"
 137      3000
 138              		.text
 139              	.Letext0:
 140              		.file 2 "c:\\program files (x86)\\gnu tools arm embedded\\6 2017-q2-update\\arm-none-eabi\\include
 141              		.file 3 "c:\\program files (x86)\\gnu tools arm embedded\\6 2017-q2-update\\arm-none-eabi\\include
 142              		.file 4 "c:\\program files (x86)\\gnu tools arm embedded\\6 2017-q2-update\\arm-none-eabi\\include
 143              		.file 5 "c:\\program files (x86)\\gnu tools arm embedded\\6 2017-q2-update\\lib\\gcc\\arm-none-eab
 144              		.file 6 "c:\\program files (x86)\\gnu tools arm embedded\\6 2017-q2-update\\arm-none-eabi\\include
 145              		.file 7 "c:\\program files (x86)\\gnu tools arm embedded\\6 2017-q2-update\\arm-none-eabi\\include
 146              		.file 8 "c:\\program files (x86)\\gnu tools arm embedded\\6 2017-q2-update\\arm-none-eabi\\include
 147              		.file 9 "Drivers/CMSIS/Include/core_cm4.h"
 148              		.file 10 "Drivers/CMSIS/Device/ST/STM32F4xx/Include/system_stm32f4xx.h"
 149              		.file 11 "Drivers/CMSIS/Device/ST/STM32F4xx/Include/stm32f401xe.h"
 150              		.file 12 "Drivers/CMSIS/Device/ST/STM32F4xx/Include/stm32f4xx.h"
 151              		.file 13 "Drivers/STM32F4xx_HAL_Driver/Inc/stm32f4xx_hal_def.h"
 152              		.file 14 "Drivers/STM32F4xx_HAL_Driver/Inc/stm32f4xx_hal_dma.h"
 153              		.file 15 "Drivers/STM32F4xx_HAL_Driver/Inc/stm32f4xx_hal_tim.h"
 154              		.file 16 "Drivers/STM32F4xx_HAL_Driver/Inc/stm32f4xx_hal_uart.h"
 155              		.file 17 "Drivers/STM32F4xx_HAL_Driver/Inc/stm32f4xx_hal.h"
 156              		.file 18 "Drivers/STM32F4xx_HAL_Driver/Inc/stm32f4xx_hal_spi.h"
 157              		.file 19 "Middlewares/ST/STM32_SPWF0xSy/Inc/wifi_interface.h"
 158              		.file 20 "Middlewares/ST/STM32_SPWF0xSy/Utils/event_buffer.h"
 159              		.file 21 "c:\\program files (x86)\\gnu tools arm embedded\\6 2017-q2-update\\arm-none-eabi\\includ
 160              		.file 22 "Middlewares/ST/STM32_SPWF0xSy/Inc/wifi_module.h"
 161              		.file 23 "Middlewares/ST/STM32_SPWF0xSy/Utils/wifi_globals.h"
 162              		.file 24 "Drivers/STM32F4xx_HAL_Driver/Inc/stm32f4xx_ll_dma.h"
ARM GAS  D:\cygwin64\tmp\cczE7JXX.s 			page 6


DEFINED SYMBOLS
                            *ABS*:00000000 wifi_globals.c
D:\cygwin64\tmp\cczE7JXX.s:18     .text.Set_UartMsgHandle:00000000 $t
D:\cygwin64\tmp\cczE7JXX.s:25     .text.Set_UartMsgHandle:00000000 Set_UartMsgHandle
D:\cygwin64\tmp\cczE7JXX.s:41     .text.Set_UartMsgHandle:00000008 $d
                            *COM*:00000004 UartMsgHandle
D:\cygwin64\tmp\cczE7JXX.s:86     .bss.curr_node:00000000 curr_node
D:\cygwin64\tmp\cczE7JXX.s:80     .bss.ROOT:00000000 ROOT
D:\cygwin64\tmp\cczE7JXX.s:91     .bss.mqtt_type:00000000 mqtt_type
                            *COM*:00000001 packet_payload_data_available
D:\cygwin64\tmp\cczE7JXX.s:119    .data.dma_buffer_ptr:00000000 dma_buffer_ptr
                            *COM*:00000800 dma_buffer
                            *COM*:00000058 SpiHandle
                            *COM*:00000080 WiFi_SPI_Packet
                            *COM*:00000800 WiFi_AT_Cmd_Buff
D:\cygwin64\tmp\cczE7JXX.s:125    .data.wifi_scan_string:00000000 wifi_scan_string
                            *COM*:00000004 wifi_scanned_list
                            *COM*:00000010 client_connected_on_server_socket
                            *COM*:00000008 Client_Socket_Close_Callback
                            *COM*:00000001 open_web_socket
                            *COM*:00000002 open_server_sockets
                            *COM*:00000008 open_sockets
D:\cygwin64\tmp\cczE7JXX.s:101    .bss.wifi_client_disconnected:00000000 wifi_client_disconnected
D:\cygwin64\tmp\cczE7JXX.s:96     .bss.wifi_client_connected:00000000 wifi_client_connected
D:\cygwin64\tmp\cczE7JXX.s:106    .bss.wifi_connected:00000000 wifi_connected
                            *COM*:00000018 IO_status_flag
                            *COM*:0000000a WiFi_Control_Variables
                            *COM*:000000fc WiFi_Counter_Variables
                            *COM*:00000034 WiFi_Config_Variables
                            *COM*:00000040 UartWiFiHandle
                            *COM*:00000040 PushTimHandle
                            *COM*:00000040 TimHandle
D:\cygwin64\tmp\cczE7JXX.s:112    .data.SW_FW_COMPATIBILITY:00000000 SW_FW_COMPATIBILITY
                            *COM*:00000008 element
                            *COM*:00000200 pop_buffer
                            *COM*:00000200 UserDataBuff
D:\cygwin64\tmp\cczE7JXX.s:77     .bss.ROOT:00000000 $d
D:\cygwin64\tmp\cczE7JXX.s:83     .bss.curr_node:00000000 $d
D:\cygwin64\tmp\cczE7JXX.s:92     .bss.mqtt_type:00000000 $d
D:\cygwin64\tmp\cczE7JXX.s:97     .bss.wifi_client_connected:00000000 $d
D:\cygwin64\tmp\cczE7JXX.s:102    .bss.wifi_client_disconnected:00000000 $d
D:\cygwin64\tmp\cczE7JXX.s:107    .bss.wifi_connected:00000000 $d
D:\cygwin64\tmp\cczE7JXX.s:109    .data.SW_FW_COMPATIBILITY:00000000 $d
D:\cygwin64\tmp\cczE7JXX.s:116    .data.dma_buffer_ptr:00000000 $d
D:\cygwin64\tmp\cczE7JXX.s:122    .data.wifi_scan_string:00000000 $d
D:\cygwin64\tmp\cczE7JXX.s:128    .rodata.str1.4:00000000 $d
                     .debug_frame:00000010 $d

NO UNDEFINED SYMBOLS
